# JRE version: OpenJDK Runtime Environment Temurin-21.0.9+10 (21.0.9+10) (build 21.0.9+10-LTS)
# Java VM: OpenJDK 64-Bit Server VM Temurin-21.0.9+10 (21.0.9+10-LTS, mixed mode, sharing, tiered, compressed oops, compressed class ptrs, parallel gc, windows-amd64)
GC Precious Log:
 CardTable entry size: 512
 CPUs: 16 total, 16 available
 Memory: 15791M
 Large Page Support: Disabled
 NUMA Support: Disabled
 Compressed Oops: Enabled (32-bit)
 Alignments: Space 512K, Generation 512K, Heap 2M
 Heap Min Capacity: 100M
 Heap Initial Capacity: 100M
 Heap Max Capacity: 2G
 Pre-touch: Disabled
 Parallel Workers: 13
Heap:
 PSYoungGen      total 23552K, used 4079K [0x00000000d5580000, 0x00000000d7000000, 0x0000000100000000)
  eden space 22016K, 12% used [0x00000000d5580000,0x00000000d582d878,0x00000000d6b00000)
  from space 1536K, 87% used [0x00000000d6b00000,0x00000000d6c4e5e0,0x00000000d6c80000)
  to   space 2048K, 0% used [0x00000000d6e00000,0x00000000d6e00000,0x00000000d7000000)
 ParOldGen       total 68608K, used 23943K [0x0000000080000000, 0x0000000084300000, 0x00000000d5580000)
  object space 68608K, 34% used [0x0000000080000000,0x0000000081761d98,0x0000000084300000)
 Metaspace       used 49412K, committed 50624K, reserved 1114112K
  class space    used 5441K, committed 5952K, reserved 1048576K
GC Heap History (20 events):
Event: 6.055 GC heap before
{Heap before GC invocations=12 (full 1):
 PSYoungGen      total 25088K, used 25015K [0x00000000d5580000, 0x00000000d7580000, 0x0000000100000000)
  eden space 23040K, 100% used [0x00000000d5580000,0x00000000d6c00000,0x00000000d6c00000)
  from space 2048K, 96% used [0x00000000d7380000,0x00000000d756dc50,0x00000000d7580000)
  to   space 2560K, 0% used [0x00000000d7080000,0x00000000d7080000,0x00000000d7300000)
 ParOldGen       total 68608K, used 14003K [0x0000000080000000, 0x0000000084300000, 0x00000000d5580000)
  object space 68608K, 20% used [0x0000000080000000,0x0000000080daccd0,0x0000000084300000)
 Metaspace       used 29853K, committed 30848K, reserved 1114112K
  class space    used 2959K, committed 3328K, reserved 1048576K
}
Event: 6.059 GC heap after
{Heap after GC invocations=12 (full 1):
 PSYoungGen      total 24576K, used 1648K [0x00000000d5580000, 0x00000000d7400000, 0x0000000100000000)
  eden space 22528K, 0% used [0x00000000d5580000,0x00000000d5580000,0x00000000d6b80000)
  from space 2048K, 80% used [0x00000000d7080000,0x00000000d721c3a8,0x00000000d7280000)
  to   space 1536K, 0% used [0x00000000d7280000,0x00000000d7280000,0x00000000d7400000)
 ParOldGen       total 68608K, used 15823K [0x0000000080000000, 0x0000000084300000, 0x00000000d5580000)
  object space 68608K, 23% used [0x0000000080000000,0x0000000080f73e68,0x0000000084300000)
 Metaspace       used 29853K, committed 30848K, reserved 1114112K
  class space    used 2959K, committed 3328K, reserved 1048576K
}
Event: 6.272 GC heap before
{Heap before GC invocations=13 (full 1):
 PSYoungGen      total 24576K, used 24170K [0x00000000d5580000, 0x00000000d7400000, 0x0000000100000000)
  eden space 22528K, 99% used [0x00000000d5580000,0x00000000d6b7e730,0x00000000d6b80000)
  from space 2048K, 80% used [0x00000000d7080000,0x00000000d721c3a8,0x00000000d7280000)
  to   space 1536K, 0% used [0x00000000d7280000,0x00000000d7280000,0x00000000d7400000)
 ParOldGen       total 68608K, used 15823K [0x0000000080000000, 0x0000000084300000, 0x00000000d5580000)
  object space 68608K, 23% used [0x0000000080000000,0x0000000080f73e68,0x0000000084300000)
 Metaspace       used 33134K, committed 34304K, reserved 1114112K
  class space    used 3356K, committed 3840K, reserved 1048576K
}
Event: 6.275 GC heap after
{Heap after GC invocations=13 (full 1):
 PSYoungGen      total 23552K, used 1521K [0x00000000d5580000, 0x00000000d7400000, 0x0000000100000000)
  eden space 22016K, 0% used [0x00000000d5580000,0x00000000d5580000,0x00000000d6b00000)
  from space 1536K, 99% used [0x00000000d7280000,0x00000000d73fc648,0x00000000d7400000)
  to   space 3584K, 0% used [0x00000000d6d00000,0x00000000d6d00000,0x00000000d7080000)
 ParOldGen       total 68608K, used 17280K [0x0000000080000000, 0x0000000084300000, 0x00000000d5580000)
  object space 68608K, 25% used [0x0000000080000000,0x00000000810e00e0,0x0000000084300000)
 Metaspace       used 33134K, committed 34304K, reserved 1114112K
  class space    used 3356K, committed 3840K, reserved 1048576K
}
Event: 6.435 GC heap before
{Heap before GC invocations=14 (full 1):
 PSYoungGen      total 23552K, used 18931K [0x00000000d5580000, 0x00000000d7400000, 0x0000000100000000)
  eden space 22016K, 79% used [0x00000000d5580000,0x00000000d6680710,0x00000000d6b00000)
  from space 1536K, 99% used [0x00000000d7280000,0x00000000d73fc648,0x00000000d7400000)
  to   space 3584K, 0% used [0x00000000d6d00000,0x00000000d6d00000,0x00000000d7080000)
 ParOldGen       total 68608K, used 17280K [0x0000000080000000, 0x0000000084300000, 0x00000000d5580000)
  object space 68608K, 25% used [0x0000000080000000,0x00000000810e00e0,0x0000000084300000)
 Metaspace       used 34686K, committed 35840K, reserved 1114112K
  class space    used 3550K, committed 4032K, reserved 1048576K
}
Event: 6.438 GC heap after
{Heap after GC invocations=14 (full 1):
 PSYoungGen      total 25600K, used 1568K [0x00000000d5580000, 0x00000000d7300000, 0x0000000100000000)
  eden space 22016K, 0% used [0x00000000d5580000,0x00000000d5580000,0x00000000d6b00000)
  from space 3584K, 43% used [0x00000000d6d00000,0x00000000d6e88000,0x00000000d7080000)
  to   space 2560K, 0% used [0x00000000d7080000,0x00000000d7080000,0x00000000d7300000)
 ParOldGen       total 68608K, used 18616K [0x0000000080000000, 0x0000000084300000, 0x00000000d5580000)
  object space 68608K, 27% used [0x0000000080000000,0x000000008122e030,0x0000000084300000)
 Metaspace       used 34686K, committed 35840K, reserved 1114112K
  class space    used 3550K, committed 4032K, reserved 1048576K
}
Event: 6.438 GC heap before
{Heap before GC invocations=15 (full 2):
 PSYoungGen      total 25600K, used 1568K [0x00000000d5580000, 0x00000000d7300000, 0x0000000100000000)
  eden space 22016K, 0% used [0x00000000d5580000,0x00000000d5580000,0x00000000d6b00000)
  from space 3584K, 43% used [0x00000000d6d00000,0x00000000d6e88000,0x00000000d7080000)
  to   space 2560K, 0% used [0x00000000d7080000,0x00000000d7080000,0x00000000d7300000)
 ParOldGen       total 68608K, used 18616K [0x0000000080000000, 0x0000000084300000, 0x00000000d5580000)
  object space 68608K, 27% used [0x0000000080000000,0x000000008122e030,0x0000000084300000)
 Metaspace       used 34686K, committed 35840K, reserved 1114112K
  class space    used 3550K, committed 4032K, reserved 1048576K
}
Event: 6.481 GC heap after
{Heap after GC invocations=15 (full 2):
 PSYoungGen      total 25600K, used 0K [0x00000000d5580000, 0x00000000d7300000, 0x0000000100000000)
  eden space 22016K, 0% used [0x00000000d5580000,0x00000000d5580000,0x00000000d6b00000)
  from space 3584K, 0% used [0x00000000d6d00000,0x00000000d6d00000,0x00000000d7080000)
  to   space 2560K, 0% used [0x00000000d7080000,0x00000000d7080000,0x00000000d7300000)
 ParOldGen       total 68608K, used 18502K [0x0000000080000000, 0x0000000084300000, 0x00000000d5580000)
  object space 68608K, 26% used [0x0000000080000000,0x0000000081211bd8,0x0000000084300000)
 Metaspace       used 34674K, committed 35840K, reserved 1114112K
  class space    used 3547K, committed 4032K, reserved 1048576K
}
Event: 6.709 GC heap before
{Heap before GC invocations=16 (full 2):
 PSYoungGen      total 25600K, used 22016K [0x00000000d5580000, 0x00000000d7300000, 0x0000000100000000)
  eden space 22016K, 100% used [0x00000000d5580000,0x00000000d6b00000,0x00000000d6b00000)
  from space 3584K, 0% used [0x00000000d6d00000,0x00000000d6d00000,0x00000000d7080000)
  to   space 2560K, 0% used [0x00000000d7080000,0x00000000d7080000,0x00000000d7300000)
 ParOldGen       total 68608K, used 18502K [0x0000000080000000, 0x0000000084300000, 0x00000000d5580000)
  object space 68608K, 26% used [0x0000000080000000,0x0000000081211bd8,0x0000000084300000)
 Metaspace       used 37389K, committed 38528K, reserved 1114112K
  class space    used 3903K, committed 4416K, reserved 1048576K
}
Event: 6.712 GC heap after
{Heap after GC invocations=16 (full 2):
 PSYoungGen      total 23040K, used 925K [0x00000000d5580000, 0x00000000d7180000, 0x0000000100000000)
  eden space 22016K, 0% used [0x00000000d5580000,0x00000000d5580000,0x00000000d6b00000)
  from space 1024K, 90% used [0x00000000d7080000,0x00000000d7167600,0x00000000d7180000)
  to   space 1536K, 0% used [0x00000000d6e80000,0x00000000d6e80000,0x00000000d7000000)
 ParOldGen       total 68608K, used 18510K [0x0000000080000000, 0x0000000084300000, 0x00000000d5580000)
  object space 68608K, 26% used [0x0000000080000000,0x0000000081213bd8,0x0000000084300000)
 Metaspace       used 37389K, committed 38528K, reserved 1114112K
  class space    used 3903K, committed 4416K, reserved 1048576K
}
Event: 6.896 GC heap before
{Heap before GC invocations=17 (full 2):
 PSYoungGen      total 23040K, used 22941K [0x00000000d5580000, 0x00000000d7180000, 0x0000000100000000)
  eden space 22016K, 100% used [0x00000000d5580000,0x00000000d6b00000,0x00000000d6b00000)
  from space 1024K, 90% used [0x00000000d7080000,0x00000000d7167600,0x00000000d7180000)
  to   space 1536K, 0% used [0x00000000d6e80000,0x00000000d6e80000,0x00000000d7000000)
 ParOldGen       total 68608K, used 18510K [0x0000000080000000, 0x0000000084300000, 0x00000000d5580000)
  object space 68608K, 26% used [0x0000000080000000,0x0000000081213bd8,0x0000000084300000)
 Metaspace       used 40021K, committed 41216K, reserved 1114112K
  class space    used 4261K, committed 4800K, reserved 1048576K
}
Event: 6.898 GC heap after
{Heap after GC invocations=17 (full 2):
 PSYoungGen      total 23552K, used 1241K [0x00000000d5580000, 0x00000000d7100000, 0x0000000100000000)
  eden space 22016K, 0% used [0x00000000d5580000,0x00000000d5580000,0x00000000d6b00000)
  from space 1536K, 80% used [0x00000000d6e80000,0x00000000d6fb6470,0x00000000d7000000)
  to   space 1024K, 0% used [0x00000000d7000000,0x00000000d7000000,0x00000000d7100000)
 ParOldGen       total 68608K, used 19078K [0x0000000080000000, 0x0000000084300000, 0x00000000d5580000)
  object space 68608K, 27% used [0x0000000080000000,0x00000000812a1bd8,0x0000000084300000)
 Metaspace       used 40021K, committed 41216K, reserved 1114112K
  class space    used 4261K, committed 4800K, reserved 1048576K
}
Event: 7.211 GC heap before
{Heap before GC invocations=18 (full 2):
 PSYoungGen      total 23552K, used 23257K [0x00000000d5580000, 0x00000000d7100000, 0x0000000100000000)
  eden space 22016K, 100% used [0x00000000d5580000,0x00000000d6b00000,0x00000000d6b00000)
  from space 1536K, 80% used [0x00000000d6e80000,0x00000000d6fb6470,0x00000000d7000000)
  to   space 1024K, 0% used [0x00000000d7000000,0x00000000d7000000,0x00000000d7100000)
 ParOldGen       total 68608K, used 19079K [0x0000000080000000, 0x0000000084300000, 0x00000000d5580000)
  object space 68608K, 27% used [0x0000000080000000,0x00000000812a1c10,0x0000000084300000)
 Metaspace       used 41767K, committed 42944K, reserved 1114112K
  class space    used 4465K, committed 4992K, reserved 1048576K
}
Event: 7.213 GC heap after
{Heap after GC invocations=18 (full 2):
 PSYoungGen      total 23040K, used 1024K [0x00000000d5580000, 0x00000000d7100000, 0x0000000100000000)
  eden space 22016K, 0% used [0x00000000d5580000,0x00000000d5580000,0x00000000d6b00000)
  from space 1024K, 100% used [0x00000000d7000000,0x00000000d7100000,0x00000000d7100000)
  to   space 1536K, 0% used [0x00000000d6e00000,0x00000000d6e00000,0x00000000d6f80000)
 ParOldGen       total 68608K, used 19993K [0x0000000080000000, 0x0000000084300000, 0x00000000d5580000)
  object space 68608K, 29% used [0x0000000080000000,0x0000000081386778,0x0000000084300000)
 Metaspace       used 41767K, committed 42944K, reserved 1114112K
  class space    used 4465K, committed 4992K, reserved 1048576K
}
Event: 7.607 GC heap before
{Heap before GC invocations=19 (full 2):
 PSYoungGen      total 23040K, used 23040K [0x00000000d5580000, 0x00000000d7100000, 0x0000000100000000)
  eden space 22016K, 100% used [0x00000000d5580000,0x00000000d6b00000,0x00000000d6b00000)
  from space 1024K, 100% used [0x00000000d7000000,0x00000000d7100000,0x00000000d7100000)
  to   space 1536K, 0% used [0x00000000d6e00000,0x00000000d6e00000,0x00000000d6f80000)
 ParOldGen       total 68608K, used 19999K [0x0000000080000000, 0x0000000084300000, 0x00000000d5580000)
  object space 68608K, 29% used [0x0000000080000000,0x0000000081387ca8,0x0000000084300000)
 Metaspace       used 44277K, committed 45440K, reserved 1114112K
  class space    used 4799K, committed 5312K, reserved 1048576K
}
Event: 7.608 GC heap after
{Heap after GC invocations=19 (full 2):
 PSYoungGen      total 23552K, used 1301K [0x00000000d5580000, 0x00000000d7080000, 0x0000000100000000)
  eden space 22016K, 0% used [0x00000000d5580000,0x00000000d5580000,0x00000000d6b00000)
  from space 1536K, 84% used [0x00000000d6e00000,0x00000000d6f45400,0x00000000d6f80000)
  to   space 1024K, 0% used [0x00000000d6f80000,0x00000000d6f80000,0x00000000d7080000)
 ParOldGen       total 68608K, used 20804K [0x0000000080000000, 0x0000000084300000, 0x00000000d5580000)
  object space 68608K, 30% used [0x0000000080000000,0x0000000081451000,0x0000000084300000)
 Metaspace       used 44277K, committed 45440K, reserved 1114112K
  class space    used 4799K, committed 5312K, reserved 1048576K
}
Event: 8.106 GC heap before
{Heap before GC invocations=20 (full 2):
 PSYoungGen      total 23552K, used 23317K [0x00000000d5580000, 0x00000000d7080000, 0x0000000100000000)
  eden space 22016K, 100% used [0x00000000d5580000,0x00000000d6b00000,0x00000000d6b00000)
  from space 1536K, 84% used [0x00000000d6e00000,0x00000000d6f45400,0x00000000d6f80000)
  to   space 1024K, 0% used [0x00000000d6f80000,0x00000000d6f80000,0x00000000d7080000)
 ParOldGen       total 68608K, used 20804K [0x0000000080000000, 0x0000000084300000, 0x00000000d5580000)
  object space 68608K, 30% used [0x0000000080000000,0x0000000081451000,0x0000000084300000)
 Metaspace       used 46623K, committed 47744K, reserved 1114112K
  class space    used 5114K, committed 5632K, reserved 1048576K
}
Event: 8.109 GC heap after
{Heap after GC invocations=20 (full 2):
 PSYoungGen      total 23040K, used 1024K [0x00000000d5580000, 0x00000000d7200000, 0x0000000100000000)
  eden space 22016K, 0% used [0x00000000d5580000,0x00000000d5580000,0x00000000d6b00000)
  from space 1024K, 100% used [0x00000000d6f80000,0x00000000d7080000,0x00000000d7080000)
  to   space 3584K, 0% used [0x00000000d6b00000,0x00000000d6b00000,0x00000000d6e80000)
 ParOldGen       total 68608K, used 22928K [0x0000000080000000, 0x0000000084300000, 0x00000000d5580000)
  object space 68608K, 33% used [0x0000000080000000,0x0000000081664098,0x0000000084300000)
 Metaspace       used 46623K, committed 47744K, reserved 1114112K
  class space    used 5114K, committed 5632K, reserved 1048576K
}
Event: 8.547 GC heap before
{Heap before GC invocations=21 (full 2):
 PSYoungGen      total 23040K, used 23040K [0x00000000d5580000, 0x00000000d7200000, 0x0000000100000000)
  eden space 22016K, 100% used [0x00000000d5580000,0x00000000d6b00000,0x00000000d6b00000)
  from space 1024K, 100% used [0x00000000d6f80000,0x00000000d7080000,0x00000000d7080000)
  to   space 3584K, 0% used [0x00000000d6b00000,0x00000000d6b00000,0x00000000d6e80000)
 ParOldGen       total 68608K, used 22928K [0x0000000080000000, 0x0000000084300000, 0x00000000d5580000)
  object space 68608K, 33% used [0x0000000080000000,0x0000000081664098,0x0000000084300000)
 Metaspace       used 49164K, committed 50368K, reserved 1114112K
  class space    used 5410K, committed 5952K, reserved 1048576K
}
Event: 8.549 GC heap after
{Heap after GC invocations=21 (full 2):
 PSYoungGen      total 23552K, used 1337K [0x00000000d5580000, 0x00000000d7000000, 0x0000000100000000)
  eden space 22016K, 0% used [0x00000000d5580000,0x00000000d5580000,0x00000000d6b00000)
  from space 1536K, 87% used [0x00000000d6b00000,0x00000000d6c4e5e0,0x00000000d6c80000)
  to   space 2048K, 0% used [0x00000000d6e00000,0x00000000d6e00000,0x00000000d7000000)
 ParOldGen       total 68608K, used 23943K [0x0000000080000000, 0x0000000084300000, 0x00000000d5580000)
  object space 68608K, 34% used [0x0000000080000000,0x0000000081761d98,0x0000000084300000)
 Metaspace       used 49164K, committed 50368K, reserved 1114112K
  class space    used 5410K, committed 5952K, reserved 1048576K
}

